#
# A fatal error has been detected by the Java Runtime Environment:
#
#  SIGBUS (0xa) at pc=0x000000010d0bf7af, pid=648, tid=9987
#
# JRE version: Java(TM) SE Runtime Environment (8.0_60-b27) (build 1.8.0_60-b27)
# Java VM: Java HotSpot(TM) 64-Bit Server VM (25.60-b23 mixed mode bsd-amd64 compressed oops)
# Problematic frame:
# V  [libjvm.dylib+0x4bf7af]
#
# Failed to write core dump. Core dumps have been disabled. To enable core dumping, try "ulimit -c unlimited" before starting Java again
#
# If you would like to submit a bug report, please visit:
#   http://bugreport.java.com/bugreport/crash.jsp
#

---------------  T H R E A D  ---------------

Current thread (0x00007fa791022000):  GCTaskThread [stack: 0x000000011d6ad000,0x000000011d7ad000] [id=9987]

siginfo: si_signo: 10 (SIGBUS), si_code: 2 (BUS_ADRERR), si_addr: 0x000000011d27b013

Registers:
RAX=0x0000000785c02610, RBX=0x00007fa79052be10, RCX=0x000000011964d000, RDX=0x0000000003c2e013
RSP=0x000000011d7acc40, RBP=0x000000011d7acc50, RSI=0x0000000000000002, RDI=0x000000010d4de3b8
R8 =0x000000010d4d4b06, R9 =0x0000000785c02610, R10=0x0000000785c04610, R11=0xffffffffd28fe701
R12=0x00007fa791050f68, R13=0x0000000000000000, R14=0x00007fa79052be10, R15=0x0000000000000009
RIP=0x000000010d0bf7af, EFLAGS=0x0000000000010202, ERR=0x0000000000000006
  TRAPNO=0x000000000000000e

Top of Stack: (sp=0x000000011d7acc40)
0x000000011d7acc40:   00007fa791050f40 0000000000000400
0x000000011d7acc50:   000000011d7acc70 000000010d0bfce6
0x000000011d7acc60:   0000000000000005 00007fa791050f40
0x000000011d7acc70:   000000011d7acce0 000000010d0bffb6
0x000000011d7acc80:   00000007bb9eb2a8 00000007b32fd3c0
0x000000011d7acc90:   000000078365e158 0000000000000400
0x000000011d7acca0:   0000000785bfc610 0000000000000400
0x000000011d7accb0:   00000007bad2e819 00000007bad2e7d9
0x000000011d7accc0:   000000010d4d4b06 00000007bad2e7d9
0x000000011d7accd0:   00000007bad2e7d8 00007fa791050fd8
0x000000011d7acce0:   000000011d7acd00 000000010d0c024b
0x000000011d7accf0:   00007fa791050f40 00007fa791050fa0
0x000000011d7acd00:   000000011d7acd60 000000010d0bf1dc
0x000000011d7acd10:   00000007bad2ecc9 010000011d7acd84
0x000000011d7acd20:   00000007bad2e7d9 000000010d0bfbea
0x000000011d7acd30:   00000503000002bf 0000000000000003
0x000000011d7acd40:   000000011d7acd84 000000011d7acd78
0x000000011d7acd50:   00007fa790a0cbc0 00007fa791050f40
0x000000011d7acd60:   000000011d7acdb0 000000010d0c2eeb
0x000000011d7acd70:   0000000000000003 00000007b1d74f92
0x000000011d7acd80:   10cb88e01d7acdb0 00007fa791022000
0x000000011d7acd90:   0000000000000000 000000010d209775
0x000000011d7acda0:   00007fa790a0cbc0 0000000000000001
0x000000011d7acdb0:   000000011d7ace90 000000010ce743f7
0x000000011d7acdc0:   000000011d7acdf0 00007fa7905310c0
0x000000011d7acdd0:   00007fa7905310f0 00007fa790531100
0x000000011d7acde0:   00007fa7905314d8 00000000000003d8
0x000000011d7acdf0:   00007fa791022000 00007fa7905314e0
0x000000011d7ace00:   00007fa790531520 00007fa790531530
0x000000011d7ace10:   00007fa790531608 00000000000000d8
0x000000011d7ace20:   000000011d7ace30 0000000000000000
0x000000011d7ace30:   00007fa791022000 00007fa7905314e0 

Instructions: (pc=0x000000010d0bf7af)
0x000000010d0bf78f:   90 e8 00 00 00 48 85 c0 74 1a 48 8b 8b 98 00 00
0x000000010d0bf79f:   00 48 89 c2 48 c1 ea 09 89 c6 c1 ee 03 83 e6 3f
0x000000010d0bf7af:   40 88 34 11 48 83 c4 08 5b 5d c3 55 48 89 e5 48
0x000000010d0bf7bf:   85 f6 7e 0e 48 8b 47 08 48 8d 0c f0 48 3b 4f 18 

Register to memory mapping:

RAX=0x0000000785c02610 is an unallocated location in the heap
RBX=0x00007fa79052be10 is an unknown value
RCX=0x000000011964d000 is an unknown value
RDX=0x0000000003c2e013 is an unknown value
RSP=0x000000011d7acc40 is an unknown value
RBP=0x000000011d7acc50 is an unknown value
RSI=0x0000000000000002 is an unknown value
RDI=0x000000010d4de3b8: _ZN2os16_processor_countE+0 in /Library/Java/JavaVirtualMachines/jdk1.8.0_60.jdk/Contents/Home/jre/lib/server/libjvm.dylib at 0x000000010cc00000
R8 =0x000000010d4d4b06: AssumeMP+0 in /Library/Java/JavaVirtualMachines/jdk1.8.0_60.jdk/Contents/Home/jre/lib/server/libjvm.dylib at 0x000000010cc00000
R9 =0x0000000785c02610 is an unallocated location in the heap
R10=0x0000000785c04610 is an unallocated location in the heap
R11=0xffffffffd28fe701 is an unknown value
R12=0x00007fa791050f68 is an unknown value
R13=0x0000000000000000 is an unknown value
R14=0x00007fa79052be10 is an unknown value
R15=0x0000000000000009 is an unknown value


Stack: [0x000000011d6ad000,0x000000011d7ad000],  sp=0x000000011d7acc40,  free space=1023k
Native frames: (J=compiled Java code, j=interpreted, Vv=VM code, C=native code)
V  [libjvm.dylib+0x4bf7af]
V  [libjvm.dylib+0x4bfce6]
V  [libjvm.dylib+0x4bffb6]
V  [libjvm.dylib+0x4c024b]
V  [libjvm.dylib+0x4bf1dc]
V  [libjvm.dylib+0x4c2eeb]
V  [libjvm.dylib+0x2743f7]
V  [libjvm.dylib+0x48343a]
C  [libsystem_pthread.dylib+0x3268]  _pthread_body+0x83
C  [libsystem_pthread.dylib+0x31e5]  _pthread_body+0x0
C  [libsystem_pthread.dylib+0x141d]  thread_start+0xd


---------------  P R O C E S S  ---------------

Java Threads: ( => current thread )
  0x00007fa790879800 JavaThread "pool-1-thread-2" [_thread_blocked, id=19971, stack(0x00000001238be000,0x00000001239be000)]
  0x00007fa791127800 JavaThread "pool-2-thread-1" [_thread_blocked, id=19459, stack(0x00000001237bb000,0x00000001238bb000)]
  0x00007fa79102e800 JavaThread "Service Thread" daemon [_thread_blocked, id=17923, stack(0x000000012346c000,0x000000012356c000)]
  0x00007fa79082c000 JavaThread "C1 CompilerThread2" daemon [_thread_blocked, id=17411, stack(0x0000000123369000,0x0000000123469000)]
  0x00007fa79082b000 JavaThread "C2 CompilerThread1" daemon [_thread_blocked, id=16899, stack(0x0000000123266000,0x0000000123366000)]
  0x00007fa791068000 JavaThread "C2 CompilerThread0" daemon [_thread_blocked, id=16387, stack(0x0000000123163000,0x0000000123263000)]
  0x00007fa791822000 JavaThread "Signal Dispatcher" daemon [_thread_blocked, id=12307, stack(0x0000000123060000,0x0000000123160000)]
  0x00007fa791053000 JavaThread "Finalizer" daemon [_thread_blocked, id=11523, stack(0x000000012163c000,0x000000012173c000)]
  0x00007fa791052000 JavaThread "Reference Handler" daemon [_thread_blocked, id=11011, stack(0x0000000121539000,0x0000000121639000)]
  0x00007fa791015000 JavaThread "main" [_thread_blocked, id=4867, stack(0x000000010db8a000,0x000000010dc8a000)]

Other Threads:
  0x00007fa791051800 VMThread [stack: 0x0000000121436000,0x0000000121536000] [id=10499]
  0x00007fa792001000 WatcherThread [stack: 0x000000012356f000,0x000000012366f000] [id=18435]

=>0x00007fa791022000 (exited) GCTaskThread [stack: 0x000000011d6ad000,0x000000011d7ad000] [id=9987]

VM state:at safepoint (normal execution)

VM Mutex/Monitor currently owned by a thread:  ([mutex/lock_event])
[0x00007fa7905253a0] Threads_lock - owner thread: 0x00007fa791051800
[0x00007fa7905258a0] Heap_lock - owner thread: 0x00007fa790879800

Heap:
 PSYoungGen      total 206336K, used 206325K [0x00000007aab00000, 0x00000007bdb00000, 0x00000007c0000000)
  eden space 179712K, 100% used [0x00000007aab00000,0x00000007b5a80000,0x00000007b5a80000)
  from space 26624K, 99% used [0x00000007bc100000,0x00000007bdafd660,0x00000007bdb00000)
  to   space 33792K, 99% used [0x00000007b9900000,0x00000007bb9fb2a8,0x00000007bba00000)
 ParOldGen       total 94208K, used 94241K [0x0000000780000000, 0x0000000785c00000, 0x00000007aab00000)
  object space 94208K, 100% used [0x0000000780000000,0x0000000785c08610,0x0000000785c00000)
 Metaspace       used 6410K, capacity 7256K, committed 7424K, reserved 1056768K
  class space    used 613K, capacity 656K, committed 768K, reserved 1048576K

Card table byte_map: [0x000000011d04c000,0x000000011d24d000] byte_map_base: 0x000000011944c000

Marking Bits: (ParMarkBitMap*) 0x000000010d4dee20
 Begin Bits: [0x000000011d7af000, 0x000000011e7af000)
 End Bits:   [0x000000011e7af000, 0x000000011f7af000)

Polling page: 0x000000010c387000

CodeCache: size=245760Kb used=8517Kb max_used=8529Kb free=237242Kb
 bounds [0x000000010dc8c000, 0x000000010e4fc000, 0x000000011cc8c000]
 total_blobs=2395 nmethods=2126 adapters=182
 compilation: enabled

Compilation events (10 events):
Event: 8.284 Thread 0x00007fa791068000 nmethod 2022 0x000000010e491490 code [0x000000010e4915e0, 0x000000010e491638]
Event: 8.284 Thread 0x00007fa791068000 2162       4       java.lang.Long::numberOfTrailingZeros (116 bytes)
Event: 8.285 Thread 0x00007fa791068000 nmethod 2162 0x000000010e4911d0 code [0x000000010e491320, 0x000000010e491418]
Event: 8.285 Thread 0x00007fa791068000 2298       4       com.android.dx.cf.code.RopperMachine::jopToRopOpcode (1103 bytes)
Event: 8.301 Thread 0x00007fa79082c000 2303       2       com.android.dx.rop.code.BasicBlockList$RegCountVisitor::visitFillArrayDataInsn (6 bytes)
Event: 8.302 Thread 0x00007fa79082c000 nmethod 2303 0x000000010e490e50 code [0x000000010e490fc0, 0x000000010e491128]
Event: 8.335 Thread 0x00007fa791068000 nmethod 2298 0x000000010e48d510 code [0x000000010e48dec0, 0x000000010e48e6d8]
Event: 8.335 Thread 0x00007fa791068000 2065       4       com.android.dx.ssa.back.SsaToRop::convertInsns (53 bytes)
Event: 8.351 Thread 0x00007fa791068000 nmethod 2065 0x000000010e4ac550 code [0x000000010e4ac6e0, 0x000000010e4acb78]
Event: 8.351 Thread 0x00007fa791068000 1839       4       com.android.dx.rop.code.LocalVariableExtractor::processBlock (327 bytes)

GC Heap History (10 events):
Event: 2.390 GC heap after
Heap after GC invocations=5 (full 0):
 PSYoungGen      total 68096K, used 2543K [0x00000007aab00000, 0x00000007b4700000, 0x00000007c0000000)
  eden space 65536K, 0% used [0x00000007aab00000,0x00000007aab00000,0x00000007aeb00000)
  from space 2560K, 99% used [0x00000007aeb00000,0x00000007aed7bfb0,0x00000007aed80000)
  to   space 14336K, 0% used [0x00000007b3900000,0x00000007b3900000,0x00000007b4700000)
 ParOldGen       total 44032K, used 25992K [0x0000000780000000, 0x0000000782b00000, 0x00000007aab00000)
  object space 44032K, 59% used [0x0000000780000000,0x0000000781962110,0x0000000782b00000)
 Metaspace       used 5694K, capacity 6896K, committed 7040K, reserved 1056768K
  class space    used 572K, capacity 616K, committed 640K, reserved 1048576K
}
Event: 2.820 GC heap before
{Heap before GC invocations=6 (full 0):
 PSYoungGen      total 68096K, used 68079K [0x00000007aab00000, 0x00000007b4700000, 0x00000007c0000000)
  eden space 65536K, 100% used [0x00000007aab00000,0x00000007aeb00000,0x00000007aeb00000)
  from space 2560K, 99% used [0x00000007aeb00000,0x00000007aed7bfb0,0x00000007aed80000)
  to   space 14336K, 0% used [0x00000007b3900000,0x00000007b3900000,0x00000007b4700000)
 ParOldGen       total 44032K, used 25992K [0x0000000780000000, 0x0000000782b00000, 0x00000007aab00000)
  object space 44032K, 59% used [0x0000000780000000,0x0000000781962110,0x0000000782b00000)
 Metaspace       used 5757K, capacity 6960K, committed 7040K, reserved 1056768K
  class space    used 572K, capacity 616K, committed 640K, reserved 1048576K
Event: 2.875 GC heap after
Heap after GC invocations=6 (full 0):
 PSYoungGen      total 143360K, used 13068K [0x00000007aab00000, 0x00000007b4b00000, 0x00000007c0000000)
  eden space 129024K, 0% used [0x00000007aab00000,0x00000007aab00000,0x00000007b2900000)
  from space 14336K, 91% used [0x00000007b3900000,0x00000007b45c3078,0x00000007b4700000)
  to   space 16384K, 0% used [0x00000007b2900000,0x00000007b2900000,0x00000007b3900000)
 ParOldGen       total 44032K, used 25992K [0x0000000780000000, 0x0000000782b00000, 0x00000007aab00000)
  object space 44032K, 59% used [0x0000000780000000,0x0000000781962110,0x0000000782b00000)
 Metaspace       used 5757K, capacity 6960K, committed 7040K, reserved 1056768K
  class space    used 572K, capacity 616K, committed 640K, reserved 1048576K
}
Event: 3.742 GC heap before
{Heap before GC invocations=7 (full 0):
 PSYoungGen      total 143360K, used 142092K [0x00000007aab00000, 0x00000007b4b00000, 0x00000007c0000000)
  eden space 129024K, 100% used [0x00000007aab00000,0x00000007b2900000,0x00000007b2900000)
  from space 14336K, 91% used [0x00000007b3900000,0x00000007b45c3078,0x00000007b4700000)
  to   space 16384K, 0% used [0x00000007b2900000,0x00000007b2900000,0x00000007b3900000)
 ParOldGen       total 44032K, used 25992K [0x0000000780000000, 0x0000000782b00000, 0x00000007aab00000)
  object space 44032K, 59% used [0x0000000780000000,0x0000000781962110,0x0000000782b00000)
 Metaspace       used 6002K, capacity 7088K, committed 7296K, reserved 1056768K
  class space    used 591K, capacity 616K, committed 640K, reserved 1048576K
Event: 3.866 GC heap after
Heap after GC invocations=7 (full 0):
 PSYoungGen      total 145408K, used 16382K [0x00000007aab00000, 0x00000007bdb00000, 0x00000007c0000000)
  eden space 129024K, 0% used [0x00000007aab00000,0x00000007aab00000,0x00000007b2900000)
  from space 16384K, 99% used [0x00000007b2900000,0x00000007b38ffb30,0x00000007b3900000)
  to   space 26624K, 0% used [0x00000007bc100000,0x00000007bc100000,0x00000007bdb00000)
 ParOldGen       total 44032K, used 41390K [0x0000000780000000, 0x0000000782b00000, 0x00000007aab00000)
  object space 44032K, 94% used [0x0000000780000000,0x000000078286b8c8,0x0000000782b00000)
 Metaspace       used 6002K, capacity 7088K, committed 7296K, reserved 1056768K
  class space    used 591K, capacity 616K, committed 640K, reserved 1048576K
}
Event: 3.866 GC heap before
{Heap before GC invocations=8 (full 1):
 PSYoungGen      total 145408K, used 16382K [0x00000007aab00000, 0x00000007bdb00000, 0x00000007c0000000)
  eden space 129024K, 0% used [0x00000007aab00000,0x00000007aab00000,0x00000007b2900000)
  from space 16384K, 99% used [0x00000007b2900000,0x00000007b38ffb30,0x00000007b3900000)
  to   space 26624K, 0% used [0x00000007bc100000,0x00000007bc100000,0x00000007bdb00000)
 ParOldGen       total 44032K, used 41390K [0x0000000780000000, 0x0000000782b00000, 0x00000007aab00000)
  object space 44032K, 94% used [0x0000000780000000,0x000000078286b8c8,0x0000000782b00000)
 Metaspace       used 6002K, capacity 7088K, committed 7296K, reserved 1056768K
  class space    used 591K, capacity 616K, committed 640K, reserved 1048576K
Event: 4.446 GC heap after
Heap after GC invocations=8 (full 1):
 PSYoungGen      total 145408K, used 8646K [0x00000007aab00000, 0x00000007bdb00000, 0x00000007c0000000)
  eden space 129024K, 0% used [0x00000007aab00000,0x00000007aab00000,0x00000007b2900000)
  from space 16384K, 52% used [0x00000007b2900000,0x00000007b3171810,0x00000007b3900000)
  to   space 26624K, 0% used [0x00000007bc100000,0x00000007bc100000,0x00000007bdb00000)
 ParOldGen       total 86016K, used 43876K [0x0000000780000000, 0x0000000785400000, 0x00000007aab00000)
  object space 86016K, 51% used [0x0000000780000000,0x0000000782ad9078,0x0000000785400000)
 Metaspace       used 6002K, capacity 7088K, committed 7296K, reserved 1056768K
  class space    used 591K, capacity 616K, committed 640K, reserved 1048576K
}
Event: 5.168 GC heap before
{Heap before GC invocations=9 (full 1):
 PSYoungGen      total 145408K, used 137670K [0x00000007aab00000, 0x00000007bdb00000, 0x00000007c0000000)
  eden space 129024K, 100% used [0x00000007aab00000,0x00000007b2900000,0x00000007b2900000)
  from space 16384K, 52% used [0x00000007b2900000,0x00000007b3171810,0x00000007b3900000)
  to   space 26624K, 0% used [0x00000007bc100000,0x00000007bc100000,0x00000007bdb00000)
 ParOldGen       total 86016K, used 43876K [0x0000000780000000, 0x0000000785400000, 0x00000007aab00000)
  object space 86016K, 51% used [0x0000000780000000,0x0000000782ad9078,0x0000000785400000)
 Metaspace       used 6165K, capacity 7216K, committed 7296K, reserved 1056768K
  class space    used 595K, capacity 616K, committed 640K, reserved 1048576K
Event: 5.276 GC heap after
Heap after GC invocations=9 (full 1):
 PSYoungGen      total 206336K, used 26613K [0x00000007aab00000, 0x00000007bdb00000, 0x00000007c0000000)
  eden space 179712K, 0% used [0x00000007aab00000,0x00000007aab00000,0x00000007b5a80000)
  from space 26624K, 99% used [0x00000007bc100000,0x00000007bdafd660,0x00000007bdb00000)
  to   space 33792K, 0% used [0x00000007b9900000,0x00000007b9900000,0x00000007bba00000)
 ParOldGen       total 86016K, used 49021K [0x0000000780000000, 0x0000000785400000, 0x00000007aab00000)
  object space 86016K, 56% used [0x0000000780000000,0x0000000782fdf7d0,0x0000000785400000)
 Metaspace       used 6165K, capacity 7216K, committed 7296K, reserved 1056768K
  class space    used 595K, capacity 616K, committed 640K, reserved 1048576K
}
Event: 8.357 GC heap before
{Heap before GC invocations=10 (full 1):
 PSYoungGen      total 206336K, used 206325K [0x00000007aab00000, 0x00000007bdb00000, 0x00000007c0000000)
  eden space 179712K, 100% used [0x00000007aab00000,0x00000007b5a80000,0x00000007b5a80000)
  from space 26624K, 99% used [0x00000007bc100000,0x00000007bdafd660,0x00000007bdb00000)
  to   space 33792K, 0% used [0x00000007b9900000,0x00000007b9900000,0x00000007bba00000)
 ParOldGen       total 86016K, used 49021K [0x0000000780000000, 0x0000000785400000, 0x00000007aab00000)
  object space 86016K, 56% used [0x0000000780000000,0x0000000782fdf7d0,0x0000000785400000)
 Metaspace       used 6410K, capacity 7256K, committed 7424K, reserved 1056768K
  class space    used 613K, capacity 656K, committed 768K, reserved 1048576K

Deoptimization events (10 events):
Event: 1.746 Thread 0x00007fa79088e000 Uncommon trap: reason=null_check action=make_not_entrant pc=0x000000010df1e710 method=com.android.dx.ssa.SsaRenamer.getLocalForNewReg(I)Lcom/android/dx/rop/code/LocalItem; @ 19
Event: 2.468 Thread 0x00007fa790878800 Uncommon trap: reason=unstable_if action=reinterpret pc=0x000000010e1217ec method=com.android.dx.util.IntList.sort()V @ 8
Event: 2.554 Thread 0x00007fa792009000 Uncommon trap: reason=bimorphic action=maybe_recompile pc=0x000000010e01ac88 method=java.util.HashMap.putVal(ILjava/lang/Object;Ljava/lang/Object;ZZ)Ljava/lang/Object; @ 203
Event: 2.554 Thread 0x00007fa792009000 Uncommon trap: reason=bimorphic action=maybe_recompile pc=0x000000010e01ac88 method=java.util.HashMap.putVal(ILjava/lang/Object;Ljava/lang/Object;ZZ)Ljava/lang/Object; @ 203
Event: 3.630 Thread 0x00007fa792009000 Uncommon trap: reason=unstable_if action=reinterpret pc=0x000000010e01a0a4 method=java.util.HashMap.putVal(ILjava/lang/Object;Ljava/lang/Object;ZZ)Ljava/lang/Object; @ 162
Event: 3.638 Thread 0x00007fa790879800 Uncommon trap: reason=unstable_if action=reinterpret pc=0x000000010df74bc4 method=java.util.HashMap.getNode(ILjava/lang/Object;)Ljava/util/HashMap$Node; @ 84
Event: 4.479 Thread 0x00007fa79088e000 Uncommon trap: reason=unstable_if action=reinterpret pc=0x000000010de3d3fc method=java.lang.String.replace(CC)Ljava/lang/String; @ 26
Event: 5.608 Thread 0x00007fa79088e000 Uncommon trap: reason=bimorphic action=maybe_recompile pc=0x000000010e3f7670 method=com.android.dx.rop.code.RegisterSpec.withSimpleType()Lcom/android/dx/rop/code/RegisterSpec; @ 21
Event: 5.775 Thread 0x00007fa791015000 Uncommon trap: reason=unstable_if action=reinterpret pc=0x000000010ddef8e0 method=java.lang.String.lastIndexOf([CII[CIII)I @ 66
Event: 5.775 Thread 0x00007fa791015000 Uncommon trap: reason=unstable_if action=reinterpret pc=0x000000010dddfa74 method=java.lang.String.startsWith(Ljava/lang/String;I)Z @ 25

Internal exceptions (10 events):
Event: 0.145 Thread 0x00007fa791015000 Exception <a 'java/security/PrivilegedActionException'> (0x00000007aac577f8) thrown at [/Users/java_re/workspace/8-2-build-macosx-x86_64/jdk8u60/4407/hotspot/src/share/vm/prims/jvm.cpp, line 1386]
Event: 0.146 Thread 0x00007fa791015000 Exception <a 'java/security/PrivilegedActionException'> (0x00000007aac57a08) thrown at [/Users/java_re/workspace/8-2-build-macosx-x86_64/jdk8u60/4407/hotspot/src/share/vm/prims/jvm.cpp, line 1386]
Event: 0.148 Thread 0x00007fa791015000 Exception <a 'java/util/zip/ZipException'> (0x00000007aac69410) thrown at [/Users/java_re/workspace/8-2-build-macosx-x86_64/jdk8u60/4407/hotspot/src/share/vm/prims/jni.cpp, line 709]
Event: 0.148 Thread 0x00007fa791015000 Exception <a 'java/security/PrivilegedActionException'> (0x00000007aac69618) thrown at [/Users/java_re/workspace/8-2-build-macosx-x86_64/jdk8u60/4407/hotspot/src/share/vm/prims/jvm.cpp, line 1386]
Event: 0.148 Thread 0x00007fa791015000 Exception <a 'java/security/PrivilegedActionException'> (0x00000007aac69828) thrown at [/Users/java_re/workspace/8-2-build-macosx-x86_64/jdk8u60/4407/hotspot/src/share/vm/prims/jvm.cpp, line 1386]
Event: 1.438 Thread 0x00007fa79088e000 Implicit null exception at 0x000000010df40dce to 0x000000010df43635
Event: 1.746 Thread 0x00007fa79088e000 Implicit null exception at 0x000000010df1c157 to 0x000000010df1e6ed
Event: 3.633 Thread 0x00007fa792009000 Exception <a 'java/lang/ArrayIndexOutOfBoundsException': 18> (0x00000007b1569f98) thrown at [/Users/java_re/workspace/8-2-build-macosx-x86_64/jdk8u60/4407/hotspot/src/share/vm/interpreter/interpreterRuntime.cpp, line 366]
Event: 3.636 Thread 0x00007fa792009000 Exception <a 'java/lang/ArrayIndexOutOfBoundsException': 145> (0x00000007b156bb18) thrown at [/Users/java_re/workspace/8-2-build-macosx-x86_64/jdk8u60/4407/hotspot/src/share/vm/interpreter/interpreterRuntime.cpp, line 366]
Event: 3.637 Thread 0x00007fa792009000 Exception <a 'java/lang/ArrayIndexOutOfBoundsException': 40> (0x00000007b156ce00) thrown at [/Users/java_re/workspace/8-2-build-macosx-x86_64/jdk8u60/4407/hotspot/src/share/vm/interpreter/interpreterRuntime.cpp, line 366]

Events (10 events):
Event: 6.131 loading class java/util/HashMap$KeySet
Event: 6.131 loading class java/util/HashMap$KeySet done
Event: 6.131 loading class java/util/HashMap$KeyIterator
Event: 6.131 loading class java/util/HashMap$KeyIterator done
Event: 6.131 Thread 0x00007fa792009000 Thread exited: 0x00007fa792009000
Event: 6.132 Thread 0x00007fa79088e000 Thread exited: 0x00007fa79088e000
Event: 6.132 Thread 0x00007fa790878800 Thread exited: 0x00007fa790878800
Event: 8.294 Thread 0x00007fa790879800 DEOPT PACKING pc=0x000000010dfe1c74 sp=0x00000001239bcf60
Event: 8.294 Thread 0x00007fa790879800 DEOPT UNPACKING pc=0x000000010dcd3633 sp=0x00000001239bcc60 mode 0
Event: 8.357 Executing VM operation: ParallelGCFailedAllocation


Dynamic libraries:
0x0000000004d03000 	/System/Library/Frameworks/Cocoa.framework/Versions/A/Cocoa
0x0000000004d03000 	/System/Library/Frameworks/Security.framework/Versions/A/Security
0x0000000004d03000 	/System/Library/Frameworks/ApplicationServices.framework/Versions/A/ApplicationServices
0x0000000004d03000 	/usr/lib/libz.1.dylib
0x0000000004d03000 	/usr/lib/libSystem.B.dylib
0x0000000004d03000 	/usr/lib/libobjc.A.dylib
0x0000000004d03000 	/System/Library/Frameworks/CoreFoundation.framework/Versions/A/CoreFoundation
0x0000000004d03000 	/System/Library/Frameworks/Foundation.framework/Versions/C/Foundation
0x0000000004d03000 	/System/Library/Frameworks/AppKit.framework/Versions/C/AppKit
0x0000000004d03000 	/System/Library/Frameworks/CoreData.framework/Versions/A/CoreData
0x0000000004d03000 	/System/Library/PrivateFrameworks/RemoteViewServices.framework/Versions/A/RemoteViewServices
0x0000000004d03000 	/System/Library/PrivateFrameworks/UIFoundation.framework/Versions/A/UIFoundation
0x0000000004d03000 	/System/Library/Frameworks/IOSurface.framework/Versions/A/IOSurface
0x0000000004d03000 	/System/Library/Frameworks/AudioToolbox.framework/Versions/A/AudioToolbox
0x0000000004d03000 	/System/Library/Frameworks/AudioUnit.framework/Versions/A/AudioUnit
0x0000000004d03000 	/System/Library/PrivateFrameworks/DataDetectorsCore.framework/Versions/A/DataDetectorsCore
0x0000000004d03000 	/System/Library/PrivateFrameworks/DesktopServicesPriv.framework/Versions/A/DesktopServicesPriv
0x0000000004d03000 	/System/Library/Frameworks/Carbon.framework/Versions/A/Frameworks/HIToolbox.framework/Versions/A/HIToolbox
0x0000000004d03000 	/System/Library/Frameworks/QuartzCore.framework/Versions/A/QuartzCore
0x0000000004d03000 	/System/Library/Frameworks/Carbon.framework/Versions/A/Frameworks/SpeechRecognition.framework/Versions/A/SpeechRecognition
0x0000000004d03000 	/usr/lib/libauto.dylib
0x0000000004d03000 	/usr/lib/libicucore.A.dylib
0x0000000004d03000 	/usr/lib/libxml2.2.dylib
0x0000000004d03000 	/System/Library/PrivateFrameworks/CoreUI.framework/Versions/A/CoreUI
0x0000000004d03000 	/System/Library/Frameworks/CoreAudio.framework/Versions/A/CoreAudio
0x0000000004d03000 	/System/Library/Frameworks/DiskArbitration.framework/Versions/A/DiskArbitration
0x0000000004d03000 	/usr/lib/liblangid.dylib
0x0000000004d03000 	/System/Library/PrivateFrameworks/MultitouchSupport.framework/Versions/A/MultitouchSupport
0x0000000004d03000 	/System/Library/Frameworks/IOKit.framework/Versions/A/IOKit
0x0000000004d03000 	/usr/lib/libDiagnosticMessagesClient.dylib
0x0000000004d03000 	/System/Library/Frameworks/CoreServices.framework/Versions/A/CoreServices
0x0000000004d03000 	/System/Library/PrivateFrameworks/PerformanceAnalysis.framework/Versions/A/PerformanceAnalysis
0x0000000004d03000 	/System/Library/PrivateFrameworks/GenerationalStorage.framework/Versions/A/GenerationalStorage
0x0000000004d03000 	/System/Library/Frameworks/OpenGL.framework/Versions/A/OpenGL
0x0000000004d03000 	/System/Library/PrivateFrameworks/Sharing.framework/Versions/A/Sharing
0x0000000004d03000 	/System/Library/Frameworks/CoreGraphics.framework/Versions/A/CoreGraphics
0x0000000004d03000 	/System/Library/Frameworks/CoreText.framework/Versions/A/CoreText
0x0000000004d03000 	/System/Library/Frameworks/ImageIO.framework/Versions/A/ImageIO
0x0000000004d03000 	/usr/lib/libextension.dylib
0x0000000004d03000 	/System/Library/PrivateFrameworks/Backup.framework/Versions/A/Backup
0x0000000004d03000 	/usr/lib/libarchive.2.dylib
0x0000000004d03000 	/System/Library/Frameworks/CFNetwork.framework/Versions/A/CFNetwork
0x0000000004d03000 	/System/Library/Frameworks/SystemConfiguration.framework/Versions/A/SystemConfiguration
0x0000000004d03000 	/usr/lib/libCRFSuite.dylib
0x0000000004d03000 	/usr/lib/libc++.1.dylib
0x0000000004d03000 	/usr/lib/libc++abi.dylib
0x0000000004d03000 	/usr/lib/system/libcache.dylib
0x0000000004d03000 	/usr/lib/system/libcommonCrypto.dylib
0x0000000004d03000 	/usr/lib/system/libcompiler_rt.dylib
0x0000000004d03000 	/usr/lib/system/libcopyfile.dylib
0x0000000004d03000 	/usr/lib/system/libcorecrypto.dylib
0x0000000004d03000 	/usr/lib/system/libdispatch.dylib
0x0000000004d03000 	/usr/lib/system/libdyld.dylib
0x0000000004d03000 	/usr/lib/system/libkeymgr.dylib
0x0000000004d03000 	/usr/lib/system/liblaunch.dylib
0x0000000004d03000 	/usr/lib/system/libmacho.dylib
0x0000000004d03000 	/usr/lib/system/libquarantine.dylib
0x0000000004d03000 	/usr/lib/system/libremovefile.dylib
0x0000000004d03000 	/usr/lib/system/libsystem_asl.dylib
0x0000000004d03000 	/usr/lib/system/libsystem_blocks.dylib
0x0000000004d03000 	/usr/lib/system/libsystem_c.dylib
0x0000000004d03000 	/usr/lib/system/libsystem_configuration.dylib
0x0000000004d03000 	/usr/lib/system/libsystem_coreservices.dylib
0x0000000004d03000 	/usr/lib/system/libsystem_coretls.dylib
0x0000000004d03000 	/usr/lib/system/libsystem_dnssd.dylib
0x0000000004d03000 	/usr/lib/system/libsystem_info.dylib
0x0000000004d03000 	/usr/lib/system/libsystem_kernel.dylib
0x0000000004d03000 	/usr/lib/system/libsystem_m.dylib
0x0000000004d03000 	/usr/lib/system/libsystem_malloc.dylib
0x0000000004d03000 	/usr/lib/system/libsystem_network.dylib
0x0000000004d03000 	/usr/lib/system/libsystem_networkextension.dylib
0x0000000004d03000 	/usr/lib/system/libsystem_notify.dylib
0x0000000004d03000 	/usr/lib/system/libsystem_platform.dylib
0x0000000004d03000 	/usr/lib/system/libsystem_pthread.dylib
0x0000000004d03000 	/usr/lib/system/libsystem_sandbox.dylib
0x0000000004d03000 	/usr/lib/system/libsystem_secinit.dylib
0x0000000004d03000 	/usr/lib/system/libsystem_stats.dylib
0x0000000004d03000 	/usr/lib/system/libsystem_trace.dylib
0x0000000004d03000 	/usr/lib/system/libunc.dylib
0x0000000004d03000 	/usr/lib/system/libunwind.dylib
0x0000000004d03000 	/usr/lib/system/libxpc.dylib
0x0000000004d03000 	/usr/lib/libbz2.1.0.dylib
0x0000000004d03000 	/usr/lib/liblzma.5.dylib
0x0000000004d03000 	/usr/lib/libbsm.0.dylib
0x0000000004d03000 	/usr/lib/libsqlite3.dylib
0x0000000004d03000 	/usr/lib/system/libkxld.dylib
0x0000000004d03000 	/usr/lib/libxar.1.dylib
0x0000000004d03000 	/usr/lib/libpam.2.dylib
0x0000000004d03000 	/usr/lib/libOpenScriptingUtil.dylib
0x0000000004d03000 	/System/Library/Frameworks/CoreServices.framework/Versions/A/Frameworks/FSEvents.framework/Versions/A/FSEvents
0x0000000004d03000 	/System/Library/Frameworks/CoreServices.framework/Versions/A/Frameworks/CarbonCore.framework/Versions/A/CarbonCore
0x0000000004d03000 	/System/Library/Frameworks/CoreServices.framework/Versions/A/Frameworks/Metadata.framework/Versions/A/Metadata
0x0000000004d03000 	/System/Library/Frameworks/CoreServices.framework/Versions/A/Frameworks/OSServices.framework/Versions/A/OSServices
0x0000000004d03000 	/System/Library/Frameworks/CoreServices.framework/Versions/A/Frameworks/SearchKit.framework/Versions/A/SearchKit
0x0000000004d03000 	/System/Library/Frameworks/CoreServices.framework/Versions/A/Frameworks/AE.framework/Versions/A/AE
0x0000000004d03000 	/System/Library/Frameworks/CoreServices.framework/Versions/A/Frameworks/LaunchServices.framework/Versions/A/LaunchServices
0x0000000004d03000 	/System/Library/Frameworks/CoreServices.framework/Versions/A/Frameworks/DictionaryServices.framework/Versions/A/DictionaryServices
0x0000000004d03000 	/System/Library/Frameworks/NetFS.framework/Versions/A/NetFS
0x0000000004d03000 	/System/Library/PrivateFrameworks/NetAuth.framework/Versions/A/NetAuth
0x0000000004d03000 	/System/Library/PrivateFrameworks/login.framework/Versions/A/Frameworks/loginsupport.framework/Versions/A/loginsupport
0x0000000004d03000 	/System/Library/PrivateFrameworks/TCC.framework/Versions/A/TCC
0x0000000004d03000 	/usr/lib/libmecabra.dylib
0x0000000004d03000 	/System/Library/Frameworks/ApplicationServices.framework/Versions/A/Frameworks/ATS.framework/Versions/A/ATS
0x0000000004d03000 	/System/Library/Frameworks/ApplicationServices.framework/Versions/A/Frameworks/ColorSync.framework/Versions/A/ColorSync
0x0000000004d03000 	/System/Library/Frameworks/ApplicationServices.framework/Versions/A/Frameworks/HIServices.framework/Versions/A/HIServices
0x0000000004d03000 	/System/Library/Frameworks/ApplicationServices.framework/Versions/A/Frameworks/LangAnalysis.framework/Versions/A/LangAnalysis
0x0000000004d03000 	/System/Library/Frameworks/ApplicationServices.framework/Versions/A/Frameworks/PrintCore.framework/Versions/A/PrintCore
0x0000000004d03000 	/System/Library/Frameworks/ApplicationServices.framework/Versions/A/Frameworks/QD.framework/Versions/A/QD
0x0000000004d03000 	/System/Library/Frameworks/ApplicationServices.framework/Versions/A/Frameworks/SpeechSynthesis.framework/Versions/A/SpeechSynthesis
0x0000000004d03000 	/System/Library/Frameworks/Accelerate.framework/Versions/A/Accelerate
0x0000000004d03000 	/System/Library/Frameworks/Accelerate.framework/Versions/A/Frameworks/vImage.framework/Versions/A/vImage
0x0000000004d03000 	/System/Library/Frameworks/Accelerate.framework/Versions/A/Frameworks/vecLib.framework/Versions/A/vecLib
0x0000000004d03000 	/System/Library/Frameworks/Accelerate.framework/Versions/A/Frameworks/vecLib.framework/Versions/A/libvDSP.dylib
0x0000000004d03000 	/System/Library/Frameworks/Accelerate.framework/Versions/A/Frameworks/vecLib.framework/Versions/A/libvMisc.dylib
0x0000000004d03000 	/System/Library/Frameworks/Accelerate.framework/Versions/A/Frameworks/vecLib.framework/Versions/A/libLAPACK.dylib
0x0000000004d03000 	/System/Library/Frameworks/Accelerate.framework/Versions/A/Frameworks/vecLib.framework/Versions/A/libBLAS.dylib
0x0000000004d03000 	/System/Library/Frameworks/Accelerate.framework/Versions/A/Frameworks/vecLib.framework/Versions/A/libLinearAlgebra.dylib
0x0000000004d03000 	/System/Library/Frameworks/ApplicationServices.framework/Versions/A/Frameworks/ATS.framework/Versions/A/Resources/libFontParser.dylib
0x0000000004d03000 	/System/Library/Frameworks/ApplicationServices.framework/Versions/A/Frameworks/ATS.framework/Versions/A/Resources/libFontRegistry.dylib
0x0000000004d03000 	/System/Library/PrivateFrameworks/AppleVPA.framework/Versions/A/AppleVPA
0x0000000004d03000 	/System/Library/PrivateFrameworks/AppleJPEG.framework/Versions/A/AppleJPEG
0x0000000004d03000 	/System/Library/Frameworks/ImageIO.framework/Versions/A/Resources/libJPEG.dylib
0x0000000004d03000 	/System/Library/Frameworks/ImageIO.framework/Versions/A/Resources/libTIFF.dylib
0x0000000004d03000 	/System/Library/Frameworks/ImageIO.framework/Versions/A/Resources/libPng.dylib
0x0000000004d03000 	/System/Library/Frameworks/ImageIO.framework/Versions/A/Resources/libGIF.dylib
0x0000000004d03000 	/System/Library/Frameworks/ImageIO.framework/Versions/A/Resources/libJP2.dylib
0x0000000004d03000 	/System/Library/Frameworks/ImageIO.framework/Versions/A/Resources/libRadiance.dylib
0x0000000004d03000 	/System/Library/Frameworks/CoreVideo.framework/Versions/A/CoreVideo
0x0000000004d03000 	/System/Library/Frameworks/OpenGL.framework/Versions/A/Libraries/libGLU.dylib
0x0000000004d03000 	/System/Library/Frameworks/OpenGL.framework/Versions/A/Libraries/libGFXShared.dylib
0x0000000004d03000 	/System/Library/Frameworks/OpenGL.framework/Versions/A/Libraries/libGL.dylib
0x0000000004d03000 	/System/Library/Frameworks/OpenGL.framework/Versions/A/Libraries/libGLImage.dylib
0x0000000004d03000 	/System/Library/Frameworks/OpenGL.framework/Versions/A/Libraries/libCVMSPluginSupport.dylib
0x0000000004d03000 	/System/Library/Frameworks/OpenGL.framework/Versions/A/Libraries/libCoreVMClient.dylib
0x0000000004d03000 	/usr/lib/libcups.2.dylib
0x0000000004d03000 	/System/Library/Frameworks/Kerberos.framework/Versions/A/Kerberos
0x0000000004d03000 	/System/Library/Frameworks/GSS.framework/Versions/A/GSS
0x0000000004d03000 	/usr/lib/libresolv.9.dylib
0x0000000004d03000 	/usr/lib/libiconv.2.dylib
0x0000000004d03000 	/System/Library/PrivateFrameworks/Heimdal.framework/Versions/A/Heimdal
0x0000000004d03000 	/usr/lib/libheimdal-asn1.dylib
0x0000000004d03000 	/System/Library/Frameworks/OpenDirectory.framework/Versions/A/OpenDirectory
0x0000000004d03000 	/System/Library/PrivateFrameworks/CommonAuth.framework/Versions/A/CommonAuth
0x0000000004d03000 	/System/Library/Frameworks/OpenDirectory.framework/Versions/A/Frameworks/CFOpenDirectory.framework/Versions/A/CFOpenDirectory
0x0000000004d03000 	/System/Library/Frameworks/SecurityFoundation.framework/Versions/A/SecurityFoundation
0x0000000004d03000 	/System/Library/PrivateFrameworks/LanguageModeling.framework/Versions/A/LanguageModeling
0x0000000004d03000 	/usr/lib/libcmph.dylib
0x0000000004d03000 	/System/Library/Frameworks/ServiceManagement.framework/Versions/A/ServiceManagement
0x0000000004d03000 	/usr/lib/libxslt.1.dylib
0x0000000004d03000 	/System/Library/Frameworks/Carbon.framework/Versions/A/Frameworks/Ink.framework/Versions/A/Ink
0x0000000004d03000 	/System/Library/Frameworks/QuartzCore.framework/Versions/A/Frameworks/CoreImage.framework/Versions/A/CoreImage
0x0000000004d03000 	/System/Library/PrivateFrameworks/CrashReporterSupport.framework/Versions/A/CrashReporterSupport
0x0000000004d03000 	/System/Library/Frameworks/OpenCL.framework/Versions/A/OpenCL
0x0000000004d03000 	/System/Library/PrivateFrameworks/FaceCore.framework/Versions/A/FaceCore
0x0000000004d03000 	/System/Library/PrivateFrameworks/Ubiquity.framework/Versions/A/Ubiquity
0x0000000004d03000 	/System/Library/PrivateFrameworks/IconServices.framework/Versions/A/IconServices
0x0000000004d03000 	/System/Library/PrivateFrameworks/ChunkingLibrary.framework/Versions/A/ChunkingLibrary
0x0000000004d03000 	/System/Library/PrivateFrameworks/Apple80211.framework/Versions/A/Apple80211
0x0000000004d03000 	/System/Library/Frameworks/CoreWLAN.framework/Versions/A/CoreWLAN
0x0000000004d03000 	/System/Library/Frameworks/IOBluetooth.framework/Versions/A/IOBluetooth
0x0000000004d03000 	/System/Library/PrivateFrameworks/CoreWiFi.framework/Versions/A/CoreWiFi
0x0000000004d03000 	/System/Library/Frameworks/CoreBluetooth.framework/Versions/A/CoreBluetooth
0x0000000004d03000 	/System/Library/PrivateFrameworks/DebugSymbols.framework/Versions/A/DebugSymbols
0x0000000004d03000 	/System/Library/PrivateFrameworks/CoreSymbolication.framework/Versions/A/CoreSymbolication
0x0000000004d03000 	/System/Library/PrivateFrameworks/Symbolication.framework/Versions/A/Symbolication
0x0000000004d03000 	/System/Library/PrivateFrameworks/SpeechRecognitionCore.framework/Versions/A/SpeechRecognitionCore
0x000000010c267000 	/System/Library/CoreServices/Encodings/libSimplifiedChineseConverter.dylib
0x000000010cc00000 	/Library/Java/JavaVirtualMachines/jdk1.8.0_60.jdk/Contents/Home/jre/lib/server/libjvm.dylib
0x0000000004d03000 	/usr/lib/libstdc++.6.dylib
0x000000010c344000 	/Library/Java/JavaVirtualMachines/jdk1.8.0_60.jdk/Contents/Home/jre/lib/libverify.dylib
0x000000010c352000 	/Library/Java/JavaVirtualMachines/jdk1.8.0_60.jdk/Contents/Home/jre/lib/libjava.dylib
0x000000010c391000 	/Library/Java/JavaVirtualMachines/jdk1.8.0_60.jdk/Contents/Home/jre/lib/libzip.dylib
0x000000012173e000 	/System/Library/Frameworks/JavaVM.framework/Frameworks/JavaRuntimeSupport.framework/JavaRuntimeSupport
0x0000000121759000 	/System/Library/Frameworks/JavaVM.framework/Versions/A/Frameworks/JavaNativeFoundation.framework/Versions/A/JavaNativeFoundation
0x000000012176e000 	/System/Library/Frameworks/JavaVM.framework/Versions/A/JavaVM
0x0000000004d03000 	/System/Library/Frameworks/Carbon.framework/Versions/A/Carbon
0x000000012177b000 	/System/Library/PrivateFrameworks/JavaLaunching.framework/Versions/A/JavaLaunching
0x0000000004d03000 	/System/Library/Frameworks/Carbon.framework/Versions/A/Frameworks/CommonPanels.framework/Versions/A/CommonPanels
0x0000000004d03000 	/System/Library/Frameworks/Carbon.framework/Versions/A/Frameworks/Help.framework/Versions/A/Help
0x0000000004d03000 	/System/Library/Frameworks/Carbon.framework/Versions/A/Frameworks/ImageCapture.framework/Versions/A/ImageCapture
0x0000000004d03000 	/System/Library/Frameworks/Carbon.framework/Versions/A/Frameworks/OpenScripting.framework/Versions/A/OpenScripting
0x0000000004d03000 	/System/Library/Frameworks/Carbon.framework/Versions/A/Frameworks/Print.framework/Versions/A/Print
0x0000000004d03000 	/System/Library/Frameworks/Carbon.framework/Versions/A/Frameworks/SecurityHI.framework/Versions/A/SecurityHI

VM Arguments:
jvm_args: -Xmx1024M -Dfile.encoding=UTF-8 -Duser.country=CN -Duser.language=zh -Duser.variant 
java_command: com.android.dx.command.Main --dex --num-threads=4 --output /Users/LVY/Desktop/lichao/KaoBan/app/build/intermediates/dex/debug /Users/LVY/Desktop/lichao/KaoBan/app/build/intermediates/classes/debug /Users/LVY/Desktop/lichao/KaoBan/app/build/intermediates/pre-dexed/debug/classes-00cb28c42dd222f8b232b593ae329c0c1b5f5283.jar /Users/LVY/Desktop/lichao/KaoBan/app/build/intermediates/pre-dexed/debug/SocialSDK_tencentWB_3-57d6a8e8bbc8f37d6d083a9d98f812b9e396b01f.jar /Users/LVY/Desktop/lichao/KaoBan/app/build/intermediates/pre-dexed/debug/SocialSDK_renren_2-e681a23875fbd1c3dcfef24b8bff8a1f29d043fb.jar /Users/LVY/Desktop/lichao/KaoBan/app/build/intermediates/pre-dexed/debug/support-annotations-22.2.1-94f07e43fd8357c0a287558ed6892e51028a68fa.jar /Users/LVY/Desktop/lichao/KaoBan/app/build/intermediates/pre-dexed/debug/SocialSDK_like-abe5a308ef9261276035ce6a2d8e47e7f1c7f956.jar /Users/LVY/Desktop/lichao/KaoBan/app/build/intermediates/pre-dexed/debug/SocialSDK_instagram-9aed34c12e53f7812381b8f76b28b1abd6dd462d.jar /Users/LVY/Desktop/lichao/KaoBan/app/build/intermediates/pre-dexed/debug/SocialSDK_pocket-6fba120590a3e8c68c9a9f4b4733c808b668f400.jar /Users/LVY/Desktop/lichao/KaoBan/app/build/intermediates/pre-dexed/debug/SocialSDK_linkedin-6b46a2f0a5470c4780dd736d277fd5ac9b52d09d.jar /Users/LVY/Desktop/lichao/KaoBan/app/build/intermediates/pre-dexed/debug/SocialSDK_line-95e99c58e75734c1b3e023e6f6735d4c3586e041.jar /Users/LVY/Desktop/lichao/KaoBan/app/build/intermediates/pre-dexed/debug/SocialSDK_kakao-e55991c525e84f8d98f16bd6d2aef6930c7282fc.jar /Users/LVY/Desktop/lichao/KaoBan/app/build/intermediates/pre-dexed/debug/SocialSDK_flickr-b802ddfacaad8c29ccc1b2de076c6ed27e9e25c1.jar /Users/LVY/Desktop/lichao/KaoBan/app/build/intermediates/pre-dexed/debug/SocialSDK_tumblr-a347b1793c5f50b749feba77fb8b3f3ec0178a08.jar /Users/LVY/Desktop/lichao/KaoBan/app/build/intermediates/pre-dexed/debug/SocialSDK_whatsapp-0d8a7740e676c2154a993bdc2c725ea6ea8a913f.jar /Users/LVY/Desktop/lic
java_class_path (initial): /Users/LVY/Documents/mac studio sdk/build-tools/23.0.0/lib/dx.jar
Launcher Type: SUN_STANDARD

Environment Variables:
PATH=/usr/bin:/bin:/usr/sbin:/sbin
SHELL=/bin/bash

Signal Handlers:
SIGSEGV: [libjvm.dylib+0x5a6d31], sa_mask[0]=11111111011111110111111111111111, sa_flags=SA_ONSTACK|SA_RESTART|SA_SIGINFO
SIGBUS: [libjvm.dylib+0x5a6d31], sa_mask[0]=11111111011111110111111111111111, sa_flags=SA_RESTART|SA_SIGINFO
SIGFPE: [libjvm.dylib+0x480a4c], sa_mask[0]=11111111011111110111111111111111, sa_flags=SA_RESTART|SA_SIGINFO
SIGPIPE: [libjvm.dylib+0x480a4c], sa_mask[0]=11111111011111110111111111111111, sa_flags=SA_RESTART|SA_SIGINFO
SIGXFSZ: [libjvm.dylib+0x480a4c], sa_mask[0]=11111111011111110111111111111111, sa_flags=SA_RESTART|SA_SIGINFO
SIGILL: [libjvm.dylib+0x480a4c], sa_mask[0]=11111111011111110111111111111111, sa_flags=SA_RESTART|SA_SIGINFO
SIGUSR1: SIG_DFL, sa_mask[0]=00000000000000000000000000000000, sa_flags=none
SIGUSR2: [libjvm.dylib+0x48056a], sa_mask[0]=00100000000000000000000000000000, sa_flags=SA_RESTART|SA_SIGINFO
SIGHUP: [libjvm.dylib+0x47eb41], sa_mask[0]=11111111011111110111111111111111, sa_flags=SA_RESTART|SA_SIGINFO
SIGINT: [libjvm.dylib+0x47eb41], sa_mask[0]=11111111011111110111111111111111, sa_flags=SA_RESTART|SA_SIGINFO
SIGTERM: [libjvm.dylib+0x47eb41], sa_mask[0]=11111111011111110111111111111111, sa_flags=SA_RESTART|SA_SIGINFO
SIGQUIT: [libjvm.dylib+0x47eb41], sa_mask[0]=11111111011111110111111111111111, sa_flags=SA_RESTART|SA_SIGINFO


---------------  S Y S T E M  ---------------

OS:Bsduname:Darwin 14.3.0 Darwin Kernel Version 14.3.0: Mon Mar 23 11:59:05 PDT 2015; root:xnu-2782.20.48~5/RELEASE_X86_64 x86_64
rlimit: STACK 8192k, CORE 0k, NPROC 709, NOFILE 10240, AS infinity
load average:5.16 3.02 2.18

CPU:total 4 (2 cores per cpu, 2 threads per core) family 6 model 42 stepping 7, cmov, cx8, fxsr, mmx, sse, sse2, sse3, ssse3, sse4.1, sse4.2, popcnt, avx, clmul, ht, tsc, tscinvbit

Memory: 4k page, physical 4194304k(27700k free)

/proc/meminfo:


vm_info: Java HotSpot(TM) 64-Bit Server VM (25.60-b23) for bsd-amd64 JRE (1.8.0_60-b27), built on Aug  4 2015 10:47:24 by "java_re" with gcc 4.2.1 (Based on Apple Inc. build 5658) (LLVM build 2336.11.00)

time: Sat Oct 10 18:58:05 2015
elapsed time: 8 seconds (0d 0h 0m 8s)

